<?xml version="1.0" encoding="UTF-8"?>
<!-- Generated by org.testng.reporters.JUnitReportReporter -->
<testsuite skipped="0" hostname="LONGNGO" name="com.kimlngo.fibonacci.FibonacciFunctionTest" tests="1" failures="0" timestamp="2021-07-20T19:21:02 EDT" time="0.147" errors="0">
  <testcase name="testProcess" time="0.147" classname="com.kimlngo.fibonacci.FibonacciFunctionTest"/>
  <system-out/>
</testsuite> <!-- com.kimlngo.fibonacci.FibonacciFunctionTest -->
